#
# A fatal error has been detected by the Java Runtime Environment:
#
#  Internal Error (javaClasses.cpp:129), pid=712, tid=8160
#  fatal error: Invalid layout of preloaded class
#
# JRE version: 7.0_17-b02
# Java VM: Java HotSpot(TM) Client VM (23.7-b01 mixed mode windows-x86 )
# Failed to write core dump. Minidumps are not enabled by default on client versions of Windows
#
# If you would like to submit a bug report, please visit:
#   http://bugreport.sun.com/bugreport/crash.jsp
#

---------------  T H R E A D  ---------------

Current thread (0x0224b800):  JavaThread "Unknown thread" [_thread_in_vm, id=8160, stack(0x021e0000,0x02230000)]

Stack: [0x021e0000,0x02230000],  sp=0x0222f8ac,  free space=318k
Native frames: (J=compiled Java code, j=interpreted, Vv=VM code, C=native code)
V  [jvm.dll+0x16f261]
V  [jvm.dll+0x1693d6]
V  [jvm.dll+0x2079f]
V  [jvm.dll+0x20826]
V  [jvm.dll+0x2e5bd]
V  [jvm.dll+0x2e869]
V  [jvm.dll+0x77ba1]
V  [jvm.dll+0x77f5b]
V  [jvm.dll+0x1290e1]
V  [jvm.dll+0x149b3a]
V  [jvm.dll+0xa98df]
C  [javaw.exe+0x13ca]
C  [javaw.exe+0x1e3c]
C  [javaw.exe+0xa5a1]
C  [javaw.exe+0xa62b]
C  [kernel32.dll+0x133aa]  BaseThreadInitThunk+0x12
C  [ntdll.dll+0x39ef2]  RtlInitializeExceptionChain+0x63
C  [ntdll.dll+0x39ec5]  RtlInitializeExceptionChain+0x36


---------------  P R O C E S S  ---------------

Java Threads: ( => current thread )

Other Threads:

=>0x0224b800 (exited) JavaThread "Unknown thread" [_thread_in_vm, id=8160, stack(0x021e0000,0x02230000)]

VM state:not at safepoint (not fully initialized)

VM Mutex/Monitor currently owned by a thread: None

GC Heap History (0 events):
No events

Deoptimization events (0 events):
No events

Internal exceptions (0 events):
No events

Events (10 events):
Event: 0.009 loading class 0x023845d0 done
Event: 0.010 loading class 0x02382e88 done
Event: 0.010 loading class 0x02382e60
Event: 0.010 loading class 0x023f61a8
Event: 0.010 loading class 0x023f61a8 done
Event: 0.010 loading class 0x023f61e0
Event: 0.010 loading class 0x023f61e0 done
Event: 0.010 loading class 0x023ec098
Event: 0.010 loading class 0x023ec098 done
Event: 0.010 loading class 0x02382e60 done


Dynamic libraries:
0x00210000 - 0x0023f000 	C:\Program Files (x86)\Java\jre7\bin\javaw.exe
0x77b80000 - 0x77d00000 	C:\Windows\SysWOW64\ntdll.dll
0x76bd0000 - 0x76ce0000 	C:\Windows\syswow64\kernel32.dll
0x76ae0000 - 0x76b27000 	C:\Windows\syswow64\KERNELBASE.dll
0x75130000 - 0x7517c000 	C:\ProgramData\Norton\{0C55C096-0F1D-4F28-AAA2-85EF591126E7}\N360_20.1.0.24\Definitions\BASHDefs\20130301.001\UMEngx86.dll
0x75450000 - 0x754f0000 	C:\Windows\syswow64\ADVAPI32.dll
0x77210000 - 0x772bc000 	C:\Windows\syswow64\msvcrt.dll
0x75360000 - 0x75379000 	C:\Windows\SysWOW64\sechost.dll
0x76d70000 - 0x76e60000 	C:\Windows\syswow64\RPCRT4.dll
0x75260000 - 0x752c0000 	C:\Windows\syswow64\SspiCli.dll
0x75250000 - 0x7525c000 	C:\Windows\syswow64\CRYPTBASE.dll
0x76ea0000 - 0x76fa0000 	C:\Windows\syswow64\USER32.dll
0x77020000 - 0x770b0000 	C:\Windows\syswow64\GDI32.dll
0x77b50000 - 0x77b5a000 	C:\Windows\syswow64\LPK.dll
0x758d0000 - 0x7596d000 	C:\Windows\syswow64\USP10.dll
0x74670000 - 0x7480e000 	C:\Windows\WinSxS\x86_microsoft.windows.common-controls_6595b64144ccf1df_6.0.7601.17514_none_41e6975e2bd6f2b2\COMCTL32.dll
0x75cd0000 - 0x75d27000 	C:\Windows\syswow64\SHLWAPI.dll
0x75870000 - 0x758d0000 	C:\Windows\system32\IMM32.DLL
0x75380000 - 0x7544c000 	C:\Windows\syswow64\MSCTF.dll
0x69ff0000 - 0x6a0ae000 	C:\Program Files (x86)\Java\jre7\bin\msvcr100.dll
0x65580000 - 0x658cc000 	C:\Program Files (x86)\Java\jre7\bin\client\jvm.dll
0x74cc0000 - 0x74cc7000 	C:\Windows\system32\WSOCK32.dll
0x770b0000 - 0x770e5000 	C:\Windows\syswow64\WS2_32.dll
0x76e60000 - 0x76e66000 	C:\Windows\syswow64\NSI.dll
0x74c50000 - 0x74c82000 	C:\Windows\system32\WINMM.dll
0x75cc0000 - 0x75cc5000 	C:\Windows\syswow64\PSAPI.DLL
0x734e0000 - 0x734ec000 	C:\Program Files (x86)\Java\jre7\bin\verify.dll
0x69fd0000 - 0x69ff0000 	C:\Program Files (x86)\Java\jre7\bin\java.dll
0x69fb0000 - 0x69fc3000 	C:\Program Files (x86)\Java\jre7\bin\zip.dll
0x739d0000 - 0x73abb000 	C:\Windows\system32\dbghelp.dll

VM Arguments:
jvm_args: -Dfile.encoding=UTF-8 -Xbootclasspath:C:\Users\Saizo Aoyagi\android-sdks\platforms\android-15\android.jar 
java_command: twitter4j.Version
Launcher Type: SUN_STANDARD

Environment Variables:
CLASSPATH=.;C:\Program Files (x86)\Java\jre7\lib\ext\QTJava.zip
PATH=C:/pleiades/pleiades/eclipse/jre/bin/server;C:/pleiades/pleiades/eclipse/jre/bin;C:/pleiades/pleiades/eclipse/jre/lib/amd64;C:\Program Files\Common Files\Microsoft Shared\Windows Live;C:\Program Files (x86)\Common Files\Microsoft Shared\Windows Live;C:\Windows\system32;C:\Windows;C:\Windows\System32\Wbem;C:\Windows\System32\WindowsPowerShell\v1.0\;C:\Program Files (x86)\Intel\OpenCL SDK\2.0\bin\x86;C:\Program Files (x86)\Intel\OpenCL SDK\2.0\bin\x64;C:\Users\Saizo Aoyagi\android-sdks\platform-tools;C:\pleiades\java\7\bin;C:\Program Files (x86)\Windows Live\Shared;c:\Program Files (x86)\Microsoft SQL Server\100\Tools\Binn\;c:\Program Files (x86)\Microsoft SQL Server\100\DTS\Binn\;C:\w32tex\bin;C:\Program Files (x86)\gs\gs9.06\bin;C:\Program Files (x86)\gs\gs9.06\lib;C:\Program Files (x86)\QuickTime\QTSystem\;C:\Python27\;C:\Python27\Scripts;C:\Program Files\Common Files\Microsoft Shared\Windows Live;C:\Program Files (x86)\Common Files\Microsoft Shared\Windows Live;C:\Windows\system32;C:\Windows;C:\Windows\System32\Wbem;C:\Windows\System32\WindowsPowerShell\v1.0\;C:\Program Files (x86)\Intel\OpenCL SDK\2.0\bin\x86;C:\Program Files (x86)\Intel\OpenCL SDK\2.0\bin\x64;C:\Users\Saizo Aoyagi\android-sdks\platform-tools;C:\pleiades\java\7\bin;C:\Program Files (x86)\Windows Live\Shared;C:\Users\Saizo Aoyagi\AppData\Roaming\Python\Scripts;C:\Program Files (x86)\patc254w;C:\Program Files (x86)\Java\jre7\bin;C:\OpenSSL-Win64\bin;;C:\pleiades\pleiades\eclipse;
USERNAME=Saizo Aoyagi
OS=Windows_NT
PROCESSOR_IDENTIFIER=Intel64 Family 6 Model 58 Stepping 9, GenuineIntel



---------------  S Y S T E M  ---------------

OS: Windows 7 , 64 bit Build 7601 Service Pack 1

CPU:total 4 (2 cores per cpu, 2 threads per core) family 6 model 58 stepping 9, cmov, cx8, fxsr, mmx, sse, sse2, sse3, ssse3, sse4.1, sse4.2, popcnt, avx, ht, tsc, tscinvbit, tscinv

Memory: 4k page, physical 8293072k(3833136k free), swap 16584288k(12228560k free)

vm_info: Java HotSpot(TM) Client VM (23.7-b01) for windows-x86 JRE (1.7.0_17-b02), built on Mar  1 2013 05:04:36 by "java_re" with unknown MS VC++:1600

time: Tue Mar 12 17:55:42 2013
elapsed time: 0 seconds

